Date/Time:       2025-11-03 11:38:56 
Command line:    C:\Users\Iuri\AppData\Roaming\Python\Python313\site-packages\briefcase\__main__.py build android

OS Release:      Windows 11
OS Version:      10.0.26100
Architecture:    AMD64
Platform:        Windows-11-10.0.26100-SP0

Python exe:      C:\Python313\python.exe
Python version:  3.13.3 (tags/v3.13.3:6280bb5, Apr  8 2025, 14:47:33) [MSC v.1943 64 bit (AMD64)]
Virtual env:     False
Conda env:       False

Briefcase:       0.3.25
Target platform: android
Target format:   gradle

Environment Variables:
	ALLUSERSPROFILE=C:\ProgramData
	APPDATA=C:\Users\Iuri\AppData\Roaming
	BLACKBOX_ACTIVE=true
	CHOCOLATEYINSTALL=C:\ProgramData\chocolatey
	CHOCOLATEYLASTPATHUPDATE=133887497030477345
	CHROME_CRASHPAD_PIPE_NAME=\\.\pipe\crashpad_21300_DOFNLUVSPDMVGSZI
	COLORTERM=truecolor
	COMMONPROGRAMFILES=C:\Program Files\Common Files
	COMMONPROGRAMFILES(X86)=C:\Program Files (x86)\Common Files
	COMMONPROGRAMW6432=C:\Program Files\Common Files
	COMPUTERNAME=DESKTOP-13L7BV8
	COMSPEC=C:\WINDOWS\system32\cmd.exe
	DRIVERDATA=C:\Windows\System32\Drivers\DriverData
	EFC_25292_1592913036=1
	FPS_BROWSER_APP_PROFILE_STRING=Internet Explorer
	FPS_BROWSER_USER_PROFILE_STRING=Default
	GIT_ASKPASS=********************
	HOMEDRIVE=C:
	HOMEPATH=\Users\Iuri
	JAVA_HOME=C:\Program Files\Java\jdk-25
	LANG=en_US.UTF-8
	LOCALAPPDATA=C:\Users\Iuri\AppData\Local
	LOGONSERVER=\\DESKTOP-13L7BV8
	NUMBER_OF_PROCESSORS=4
	ONEDRIVE=C:\Users\Iuri\OneDrive
	OPENAI_API_KEY=********************
	ORIGINAL_XDG_CURRENT_DESKTOP=undefined
	OS=Windows_NT
	PATH=C:\Program Files\Git\bin;C:\Program Files\PowerShell\7;C:\Program Files\Common Files\Oracle\Java\javapath;C:\Python313\Scripts\;C:\Python313\;C:\WINDOWS\system32;C:\WINDOWS;C:\WINDOWS\System32\Wbem;C:\WINDOWS\System32\WindowsPowerShell\v1.0\;C:\WINDOWS\System32\OpenSSH\;C:\Program Files\nodejs\;C:\ProgramData\chocolatey\bin;C:\Program Files\PowerShell\7\;C:\Program Files\dotnet\;C:\Program Files\Docker\Docker\resources\bin;C:\Users\Iuri\miniconda3\minconda.3;C:\Users\Iuri\miniconda3\minconda.3\Library\mingw-w64\bin;C:\Users\Iuri\miniconda3\minconda.3\Library\usr\bin;C:\Users\Iuri\miniconda3\minconda.3\Library\bin;C:\Users\Iuri\miniconda3\minconda.3\Scripts;C:\Users\Iuri\AppData\Local\Programs\Python\Python312\Scripts\;C:\Users\Iuri\AppData\Local\Programs\Python\Python312\;C:\Users\Iuri\AppData\Local\Microsoft\WindowsApps;C:\Users\Iuri\AppData\Local\Programs\Microsoft VS Code\bin;C:\Users\Iuri\AppData\Roaming\npm;C:\Program Files\heroku\bin;C:\Users\Iuri\AppData\Local\Google\Cloud SDK\google-cloud-sdk\bin;C:\Users\Iuri\AppData\Local\Programs\Ollama;C:\Users\Iuri\AppData\Local\Programs\Fiddler;C:\Users\Iuri\.dotnet\tools;C:\Program Files\mitmproxy\bin;C:\Program Files\Java\jdk-25\bin;
	PATHEXT=.COM;.EXE;.BAT;.CMD;.VBS;.VBE;.JS;.JSE;.WSF;.WSH;.MSC;.PY;.PYW;.CPL
	POWERSHELL_DISTRIBUTION_CHANNEL=MSI:Windows 10 Enterprise LTSC 2024
	PROCESSOR_ARCHITECTURE=AMD64
	PROCESSOR_IDENTIFIER=Intel64 Family 6 Model 142 Stepping 9, GenuineIntel
	PROCESSOR_LEVEL=6
	PROCESSOR_REVISION=8e09
	PROGRAMDATA=C:\ProgramData
	PROGRAMFILES=C:\Program Files
	PROGRAMFILES(X86)=C:\Program Files (x86)
	PROGRAMW6432=C:\Program Files
	PSMODULEPATH=C:\Users\Iuri\Documents\PowerShell\Modules;C:\Program Files\PowerShell\Modules;c:\program files\powershell\7\Modules;C:\Program Files\WindowsPowerShell\Modules;C:\WINDOWS\system32\WindowsPowerShell\v1.0\Modules
	PUBLIC=C:\Users\Public
	SESSIONNAME=Console
	SYSTEMDRIVE=C:
	SYSTEMROOT=C:\WINDOWS
	TEMP=C:\Users\Iuri\AppData\Local\Temp
	TERM_PROGRAM=vscode
	TERM_PROGRAM_VERSION=1.99.6
	TMP=C:\Users\Iuri\AppData\Local\Temp
	USERDOMAIN=DESKTOP-13L7BV8
	USERDOMAIN_ROAMINGPROFILE=DESKTOP-13L7BV8
	USERNAME=Iuri
	USERPROFILE=C:\Users\Iuri
	VBOX_MSI_INSTALL_PATH=C:\Program Files\Oracle\VirtualBox\
	VSCODE_GIT_ASKPASS_EXTRA_ARGS=********************
	VSCODE_GIT_ASKPASS_MAIN=********************
	VSCODE_GIT_ASKPASS_NODE=********************
	VSCODE_GIT_IPC_HANDLE=\\.\pipe\vscode-git-190f844da1-sock
	VSCODE_INJECTION=1
	WINDIR=C:\WINDOWS
	ZES_ENABLE_SYSMAN=1

pyproject.toml:
[build-system]
requires = ["briefcase"]

[tool.briefcase]
project_name = "Calcme"
bundle = "org.beeware.calcme"
version = "0.0.1"
url = "https://iurirodriguesdev.web.app/"
license = "BSD license"
author = "Iuri Rodrigues"
author_email = "irodti93@gmail.com"

[tool.briefcase.app.calcme]
formal_name = "Calcme"
description = "A calculator app with monitoring features"
icon = "logo"
sources = ["calcme"]
requires = [
    "toga-android",
    "requests",
]

[tool.briefcase.app.calcme.macOS]
requires = []

[tool.briefcase.app.calcme.linux]
requires = []

[tool.briefcase.app.calcme.windows]
requires = []

[tool.briefcase.app.calcme.iOS]
requires = []

[tool.briefcase.app.calcme.android]
requires = [
    "toga-android",
]
build_gradle_dependencies = [
    "androidx.core:core-ktx:1.12.0",
    "androidx.lifecycle:lifecycle-viewmodel-ktx:2.7.0",
    "androidx.activity:activity-ktx:1.8.2",
]
exclude_packages = [
    "toga-gtk",
    "pycairo",
    "pygobject",
]

Briefcase Log:
[11:35:10]                                                                                                                                                             config.py:666
           *************************************************************************                                                                                   config.py:666
           ** WARNING: License Definition for the Project is Deprecated           **                                                                                   config.py:666
           *************************************************************************                                                                                   config.py:666
                                                                                                                                                                       config.py:666
               Briefcase now uses PEP 621 format for license definitions.                                                                                              config.py:666
                                                                                                                                                                       config.py:666
[11:35:11]     Previously, the name of the license was assigned to the 'license'                                                                                       config.py:666
               field in pyproject.toml. For PEP 621, the name of the license is                                                                                        config.py:666
               assigned to 'license.text' or the name of the file containing the                                                                                       config.py:666
               license is assigned to 'license.file'.                                                                                                                  config.py:666
                                                                                                                                                                       config.py:666
               The current configuration for the Project has a 'license' field                                                                                         config.py:666
               that is specified as a string:                                                                                                                          config.py:666
                                                                                                                                                                       config.py:666
                   license = "BSD license"                                                                                                                             config.py:666
                                                                                                                                                                       config.py:666
               To use the PEP 621 format (and to remove this warning), specify that                                                                                    config.py:666
               the LICENSE file contains the license for the Project:                                                                                                  config.py:666
                                                                                                                                                                       config.py:666
                   license.file = "LICENSE"                                                                                                                            config.py:666
                                                                                                                                                                       config.py:666
           *************************************************************************                                                                                   config.py:666
                                                                                                                                                                         java.py:111
           [Java JDK] Evaluating JAVA_HOME...                                                                                                                            java.py:111
           JAVA_HOME=C:\Program Files\Java\jdk-25                                                                                                                        java.py:112
                                                                                                                                                                   subprocess.py:838
           >>> Running Command:                                                                                                                                    subprocess.py:838
           >>>     'C:\Program Files\Java\jdk-25\bin\javac' -version                                                                                               subprocess.py:838
           >>> Working Directory:                                                                                                                                  subprocess.py:838
           >>>     C:\Users\Iuri\Desktop\Projetos\Monitoramento\Spy-mobile                                                                                         subprocess.py:838
           >>> Command Output:                                                                                                                                     subprocess.py:838
           >>>     javac 25                                                                                                                                        subprocess.py:838
           >>> Return code: 0                                                                                                                                      subprocess.py:838
                                                                                                                                                                   subprocess.py:838
                                                                                                                                                                         java.py:232
           *************************************************************************                                                                                     java.py:232
           ** WARNING: JAVA_HOME does not point to a Java 17 JDK                  **                                                                                     java.py:232
           *************************************************************************                                                                                     java.py:232
                                                                                                                                                                         java.py:232
[11:35:12]     Android requires a Java 17 JDK, but the location pointed to by the                                                                                        java.py:232
               JAVA_HOME environment variable:                                                                                                                           java.py:232
                                                                                                                                                                         java.py:232
               C:\Program Files\Java\jdk-25                                                                                                                              java.py:232
                                                                                                                                                                         java.py:232
               isn't a Java 17 JDK (it appears to be Java 25).                                                                                                           java.py:232
                                                                                                                                                                         java.py:232
               Briefcase will proceed using its own JDK instance.                                                                                                        java.py:232
                                                                                                                                                                         java.py:232
           *************************************************************************                                                                                     java.py:232
           Using JDK at C:\Users\Iuri\AppData\Local\BeeWare\briefcase\Cache\tools\java17                                                                                 java.py:259
           Using Android SDK at C:\Users\Iuri\AppData\Local\BeeWare\briefcase\Cache\tools\android_sdk                                                             android_sdk.py:375
                                                                                                                                                                       create.py:937
           [calcme] Generating application template...                                                                                                                 create.py:937
           Using app template: https://github.com/beeware/briefcase-android-gradle-template.git, branch v0.3.25                                                         base.py:1241
[11:35:16] Using existing template (sha 1abe20417fa00e959de536295c6bd686c3d0b302, updated Mon Jul 28 09:20:28 2025)                                                     base.py:1146
[11:35:17]                                                                                                                                                             create.py:952
           [calcme] Installing support package...                                                                                                                      create.py:952
           No support package required.                                                                                                                                create.py:323
                                                                                                                                                                       create.py:970
[11:35:18] [calcme] Installing application code...                                                                                                                     create.py:970
           Installing calcme... started                                                                                                                                create.py:734
           Installing calcme... done                                                                                                                                   create.py:734
                                                                                                                                                                       create.py:973
           [calcme] Installing requirements...                                                                                                                         create.py:973
           Writing requirements file... started                                                                                                                        create.py:532
           Writing requirements file... done                                                                                                                           create.py:532
                                                                                                                                                                       create.py:976
           [calcme] Installing application resources...                                                                                                                create.py:976
           Unable to find logo-round-48.png for 48px round application icon; using default                                                                             create.py:823
           Unable to find logo-round-72.png for 72px round application icon; using default                                                                             create.py:823
           Unable to find logo-round-96.png for 96px round application icon; using default                                                                             create.py:823
           Unable to find logo-round-144.png for 144px round application icon; using default                                                                           create.py:823
           Unable to find logo-round-192.png for 192px round application icon; using default                                                                           create.py:823
           Unable to find logo-square-48.png for 48px square application icon; using default                                                                           create.py:823
           Unable to find logo-square-72.png for 72px square application icon; using default                                                                           create.py:823
           Unable to find logo-square-96.png for 96px square application icon; using default                                                                           create.py:823
           Unable to find logo-square-144.png for 144px square application icon; using default                                                                         create.py:823
           Unable to find logo-square-192.png for 192px square application icon; using default                                                                         create.py:823
           Unable to find logo-square-320.png for 320px square application icon; using default                                                                         create.py:823
           Unable to find logo-square-480.png for 480px square application icon; using default                                                                         create.py:823
           Unable to find logo-square-640.png for 640px square application icon; using default                                                                         create.py:823
           Unable to find logo-square-960.png for 960px square application icon; using default                                                                         create.py:823
           Unable to find logo-square-1280.png for 1280px square application icon; using default                                                                       create.py:823
           Unable to find logo-adaptive-108.png for 108px adaptive application icon; using default                                                                     create.py:823
           Unable to find logo-adaptive-162.png for 162px adaptive application icon; using default                                                                     create.py:823
           Unable to find logo-adaptive-216.png for 216px adaptive application icon; using default                                                                     create.py:823
           Unable to find logo-adaptive-324.png for 324px adaptive application icon; using default                                                                     create.py:823
           Unable to find logo-adaptive-432.png for 432px adaptive application icon; using default                                                                     create.py:823
                                                                                                                                                                       create.py:981
           [calcme] Removing unneeded app content...                                                                                                                   create.py:981
           Removing unneeded app bundle content... started                                                                                                             create.py:897
           Removing directory app\src\main\python\calcme\__pycache__                                                                                                   create.py:904
           Removing unneeded app bundle content... done                                                                                                                create.py:897
                                                                                                                                                                       create.py:984
           [calcme] Created build\calcme\android\gradle                                                                                                                create.py:984
                                                                                                                                                                       gradle.py:319
           [calcme] Updating app metadata...                                                                                                                           gradle.py:319
           Setting main module... started                                                                                                                              gradle.py:302
           Setting main module... done                                                                                                                                 gradle.py:302
                                                                                                                                                                       gradle.py:322
           [calcme] Building Android APK...                                                                                                                            gradle.py:322
           Building... started                                                                                                                                         gradle.py:323
           Android emulator is already installed.                                                                                                                 android_sdk.py:650
                                                                                                                                                                   subprocess.py:838
           >>> Running Command:                                                                                                                                    subprocess.py:838
           >>>     'C:\Users\Iuri\Desktop\Projetos\Monitoramento\Spy-mobile\build\calcme\android\gradle\gradlew.bat' --console plain assembleDebug                 subprocess.py:838
           >>> Working Directory:                                                                                                                                  subprocess.py:838
           >>>     C:\Users\Iuri\Desktop\Projetos\Monitoramento\Spy-mobile\build\calcme\android\gradle                                                             subprocess.py:838
           >>> Environment Overrides:                                                                                                                              subprocess.py:838
           >>>     ANDROID_HOME=C:\Users\Iuri\AppData\Local\BeeWare\briefcase\Cache\tools\android_sdk                                                              subprocess.py:838
           >>>     ANDROID_SDK_ROOT=C:\Users\Iuri\AppData\Local\BeeWare\briefcase\Cache\tools\android_sdk                                                          subprocess.py:838
           >>>     JAVA_HOME=C:\Users\Iuri\AppData\Local\BeeWare\briefcase\Cache\tools\java17                                                                      subprocess.py:838
[11:35:29] > Task :app:preBuild UP-TO-DATE                                                                                                                         subprocess.py:195
           > Task :app:preDebugBuild UP-TO-DATE                                                                                                                    subprocess.py:195
           > Task :app:mergeDebugNativeDebugMetadata NO-SOURCE                                                                                                     subprocess.py:195
[11:35:56] > Task :app:extractDebugPythonBuildPackages                                                                                                             subprocess.py:195
[11:36:01]                                                                                                                                                         subprocess.py:195
[11:36:02] > Task :app:generateDebugPythonRequirements                                                                                                             subprocess.py:195
[11:36:03] Chaquopy: Installing for arm64-v8a                                                                                                                      subprocess.py:195
[11:36:10] Looking in indexes: https://pypi.org/simple, https://chaquo.com/pypi-13.1                                                                               subprocess.py:195
[11:36:13] Collecting toga-android                                                                                                                                 subprocess.py:195
             Using cached toga_android-0.5.2-py3-none-any.whl (69 kB)                                                                                              subprocess.py:195
[11:36:14] Collecting requests                                                                                                                                     subprocess.py:195
             Using cached requests-2.32.5-py3-none-any.whl (64 kB)                                                                                                 subprocess.py:195
           Collecting toga-core==0.5.2                                                                                                                             subprocess.py:195
             Using cached toga_core-0.5.2-py3-none-any.whl (145 kB)                                                                                                subprocess.py:195
[11:36:15] Collecting charset_normalizer<4,>=2                                                                                                                     subprocess.py:195
             Using cached charset_normalizer-3.4.4-py3-none-any.whl (53 kB)                                                                                        subprocess.py:195
[11:36:16] Collecting idna<4,>=2.5                                                                                                                                 subprocess.py:195
             Using cached idna-3.11-py3-none-any.whl (71 kB)                                                                                                       subprocess.py:195
           Collecting certifi>=2017.4.17                                                                                                                           subprocess.py:195
             Using cached certifi-2025.10.5-py3-none-any.whl (163 kB)                                                                                              subprocess.py:195
[11:36:17] Collecting urllib3<3,>=1.21.1                                                                                                                           subprocess.py:195
             Using cached urllib3-2.5.0-py3-none-any.whl (129 kB)                                                                                                  subprocess.py:195
           Collecting travertino==0.5.2                                                                                                                            subprocess.py:195
[11:36:18]   Downloading travertino-0.5.2-py3-none-any.whl (24 kB)                                                                                                 subprocess.py:195
           Installing collected packages: travertino, toga-core, toga-android, charset-normalizer, idna, certifi, urllib3, requests                                subprocess.py:195
[11:36:25] Successfully installed certifi-2025.10.5 charset-normalizer-3.4.4 idna-3.11 requests-2.32.5 toga-android-0.5.2 toga-core-0.5.2 travertino-0.5.2         subprocess.py:195
           urllib3-2.5.0                                                                                                                                                            
[11:36:26] Chaquopy: Installing for x86_64                                                                                                                         subprocess.py:195
[11:36:35]                                                                                                                                                         subprocess.py:195
           > Task :app:mergeDebugPythonSources                                                                                                                     subprocess.py:195
           > Task :app:generateDebugPythonProxies                                                                                                                  subprocess.py:195
           > Task :app:javaPreCompileDebug                                                                                                                         subprocess.py:195
[11:36:53] > Task :app:generateDebugResValues                                                                                                                      subprocess.py:195
           > Task :app:checkDebugAarMetadata                                                                                                                       subprocess.py:195
[11:36:54] > Task :app:mapDebugSourceSetPaths                                                                                                                      subprocess.py:195
           > Task :app:generateDebugResources                                                                                                                      subprocess.py:195
[11:36:58] > Task :app:packageDebugResources                                                                                                                       subprocess.py:195
[11:37:01] > Task :app:createDebugCompatibleScreenManifests                                                                                                        subprocess.py:195
           > Task :app:extractDeepLinksDebug                                                                                                                       subprocess.py:195
[11:37:02] > Task :app:parseDebugLocalResources                                                                                                                    subprocess.py:195
[11:37:04] > Task :app:mergeDebugResources                                                                                                                         subprocess.py:195
[11:37:05] > Task :app:processDebugMainManifest                                                                                                                    subprocess.py:195
[11:37:07] > Task :app:processDebugManifest                                                                                                                        subprocess.py:195
           > Task :app:mergeDebugShaders                                                                                                                           subprocess.py:195
           > Task :app:compileDebugShaders NO-SOURCE                                                                                                               subprocess.py:195
           > Task :app:generateDebugAssets UP-TO-DATE                                                                                                              subprocess.py:195
[11:37:18] > Task :app:generateDebugPythonMiscAssets                                                                                                               subprocess.py:195
[11:37:19] > Task :app:generateDebugPythonRequirementsAssets                                                                                                       subprocess.py:195
           > Task :app:generateDebugPythonSourceAssets                                                                                                             subprocess.py:195
           > Task :app:generateDebugPythonBuildAssets                                                                                                              subprocess.py:195
[11:37:20] > Task :app:mergeDebugAssets                                                                                                                            subprocess.py:195
           > Task :app:processDebugJavaRes NO-SOURCE                                                                                                               subprocess.py:195
[11:37:23] > Task :app:compressDebugAssets                                                                                                                         subprocess.py:195
[11:37:37] > Task :app:processDebugManifestForPackage                                                                                                              subprocess.py:195
           > Task :app:mergeDebugJavaResource                                                                                                                      subprocess.py:195
           > Task :app:checkDebugDuplicateClasses                                                                                                                  subprocess.py:195
[11:37:40] > Task :app:generateDebugPythonJniLibs                                                                                                                  subprocess.py:195
           > Task :app:mergeLibDexDebug                                                                                                                            subprocess.py:195
[11:37:42] > Task :app:mergeDebugJniLibFolders                                                                                                                     subprocess.py:195
           > Task :app:desugarDebugFileDependencies                                                                                                                subprocess.py:195
[11:37:45] > Task :app:mergeDebugNativeLibs                                                                                                                        subprocess.py:195
[11:38:13] > Task :app:mergeExtDexDebug                                                                                                                            subprocess.py:195
[11:38:36]                                                                                                                                                         subprocess.py:195
           > Task :app:stripDebugDebugSymbols                                                                                                                      subprocess.py:195
[11:38:37] Unable to strip the following libraries, packaging them as they are: libchaquopy_java.so, libcrypto_chaquopy.so, libcrypto_python.so, libpython3.13.so, subprocess.py:195
           libsqlite3_chaquopy.so, libsqlite3_python.so, libssl_chaquopy.so, libssl_python.so. Run with --info option to learn more.                                                
[11:38:42]                                                                                                                                                         subprocess.py:195
           > Task :app:validateSigningDebug                                                                                                                        subprocess.py:195
[11:38:43] > Task :app:writeDebugAppMetadata                                                                                                                       subprocess.py:195
           > Task :app:writeDebugSigningConfigVersions                                                                                                             subprocess.py:195
[11:38:50] > Task :app:processDebugResources FAILED                                                                                                                subprocess.py:195
                                                                                                                                                                   subprocess.py:195
           [Incubating] Problems report is available at:                                                                                                           subprocess.py:195
           file:///C:/Users/Iuri/Desktop/Projetos/Monitoramento/Spy-mobile/build/calcme/android/gradle/build/reports/problems/problems-report.html                                  
                                                                                                                                                                   subprocess.py:195
           FAILURE: Build failed with an exception.                                                                                                                subprocess.py:195
                                                                                                                                                                   subprocess.py:195
           * What went wrong:                                                                                                                                      subprocess.py:195
           Execution failed for task ':app:processDebugResources'.                                                                                                 subprocess.py:195
           > A failure occurred while executing com.android.build.gradle.internal.res.LinkApplicationAndroidResourcesTask$TaskAction                               subprocess.py:195
[11:38:51]    > Android resource linking failed                                                                                                                    subprocess.py:195
                error: resource style/Theme.AppCompat.Light.DarkActionBar (aka org.beeware.calcme.calcme:style/Theme.AppCompat.Light.DarkActionBar) not found.     subprocess.py:195
                org.beeware.calcme.calcme.app-mergeDebugResources-18:/values/values.xml:110: error: style attribute 'attr/colorPrimary (aka                        subprocess.py:195
           org.beeware.calcme.calcme:attr/colorPrimary)' not found.                                                                                                                 
                org.beeware.calcme.calcme.app-mergeDebugResources-18:/values/values.xml:111: error: style attribute 'attr/colorPrimaryDark (aka                    subprocess.py:195
           org.beeware.calcme.calcme:attr/colorPrimaryDark)' not found.                                                                                                             
                org.beeware.calcme.calcme.app-mergeDebugResources-18:/values/values.xml:112: error: style attribute 'attr/colorAccent (aka                         subprocess.py:195
           org.beeware.calcme.calcme:attr/colorAccent)' not found.                                                                                                                  
                error: failed linking references.                                                                                                                  subprocess.py:195
                                                                                                                                                                   subprocess.py:195
                                                                                                                                                                   subprocess.py:195
           * Try:                                                                                                                                                  subprocess.py:195
           > Run with --stacktrace option to get the stack trace.                                                                                                  subprocess.py:195
           > Run with --info or --debug option to get more log output.                                                                                             subprocess.py:195
           > Run with --scan to get full insights.                                                                                                                 subprocess.py:195
           > Get more help at https://help.gradle.org.                                                                                                             subprocess.py:195
                                                                                                                                                                   subprocess.py:195
           Deprecated Gradle features were used in this build, making it incompatible with Gradle 9.0.                                                             subprocess.py:195
                                                                                                                                                                   subprocess.py:195
           You can use '--warning-mode all' to show the individual deprecation warnings and determine if they come from your own scripts or plugins.               subprocess.py:195
                                                                                                                                                                   subprocess.py:195
           For more on this, please refer to https://docs.gradle.org/8.13/userguide/command_line_interface.html#sec:command_line_warnings in the Gradle            subprocess.py:195
           documentation.                                                                                                                                                           
                                                                                                                                                                   subprocess.py:195
           BUILD FAILED in 3m 31s                                                                                                                                  subprocess.py:195
           37 actionable tasks: 37 executed                                                                                                                        subprocess.py:195
           >>> Return code: 1                                                                                                                                      subprocess.py:838
                                                                                                                                                                   subprocess.py:838
           Building... errored                                                                                                                                         gradle.py:323
                                                                                                                                                                      __main__.py:42
           Error while building project.                                                                                                                              __main__.py:43
           Saving log... started                                                                                                                                      console.py:438

Main thread traceback:
╭─────────────────────────────────────────────────────────────────────── Traceback (most recent call last) ────────────────────────────────────────────────────────────────────────╮
│ C:\Users\Iuri\AppData\Roaming\Python\Python313\site-packages\briefcase\platforms\android\gradle.py:325 in build_app                                                              │
│                                                                                                                                                                                  │
│   322 │   │   self.console.info("Building Android APK...", prefix=app.app_name)                                                                                                  │
│   323 │   │   with self.console.wait_bar("Building..."):                                                                                                                         │
│   324 │   │   │   try:                                                                                                                                                           │
│ ❱ 325 │   │   │   │   self.run_gradle(app, ["assembleDebug"])                                                                                                                    │
│   326 │   │   │   except subprocess.CalledProcessError as e:                                                                                                                     │
│   327 │   │   │   │   raise BriefcaseCommandError("Error while building project.") from e                                                                                        │
│   328                                                                                                                                                                            │
│                                                                                                                                                                                  │
│ ╭─────────────────────────────────────────── locals ────────────────────────────────────────────╮                                                                                │
│ │    app = <org.beeware.calcme.calcme v0.0.1 AppConfig>                                         │                                                                                │
│ │ kwargs = {}                                                                                   │                                                                                │
│ │   self = <briefcase.platforms.android.gradle.GradleBuildCommand object at 0x00000257BAB45E80> │                                                                                │
│ ╰───────────────────────────────────────────────────────────────────────────────────────────────╯                                                                                │
│                                                                                                                                                                                  │
│ C:\Users\Iuri\AppData\Roaming\Python\Python313\site-packages\briefcase\platforms\android\gradle.py:119 in run_gradle                                                             │
│                                                                                                                                                                                  │
│   116 │   │   self.tools.android_sdk.verify_emulator()                                                                                                                           │
│   117 │   │                                                                                                                                                                      │
│   118 │   │   gradlew = "gradlew.bat" if self.tools.host_os == "Windows" else "gradlew"                                                                                          │
│ ❱ 119 │   │   self.tools.subprocess.run(                                                                                                                                         │
│   120 │   │   │   # Windows needs the full path to `gradlew`; macOS & Linux can find it                                                                                          │
│   121 │   │   │   # via `./gradlew`. For simplicity of implementation, we always provide                                                                                         │
│   122 │   │   │   # the full path.                                                                                                                                               │
│                                                                                                                                                                                  │
│ ╭──────────────────────────────────────────── locals ────────────────────────────────────────────╮                                                                               │
│ │     app = <org.beeware.calcme.calcme v0.0.1 AppConfig>                                         │                                                                               │
│ │    args = ['assembleDebug']                                                                    │                                                                               │
│ │ gradlew = 'gradlew.bat'                                                                        │                                                                               │
│ │    self = <briefcase.platforms.android.gradle.GradleBuildCommand object at 0x00000257BAB45E80> │                                                                               │
│ ╰────────────────────────────────────────────────────────────────────────────────────────────────╯                                                                               │
│                                                                                                                                                                                  │
│ C:\Users\Iuri\AppData\Roaming\Python\Python313\site-packages\briefcase\integrations\subprocess.py:142 in inner                                                                   │
│                                                                                                                                                                                  │
│   139 │   │   # Run subprocess command with or without console control                                                                                                           │
│   140 │   │   if remove_dynamic_elements:                                                                                                                                        │
│   141 │   │   │   with sub.tools.console.release_console_control():                                                                                                              │
│ ❱ 142 │   │   │   │   return sub_method(sub, args, *wrapped_args, **wrapped_kwargs)                                                                                              │
│   143 │   │   else:                                                                                                                                                              │
│   144 │   │   │   return sub_method(sub, args, *wrapped_args, **wrapped_kwargs)                                                                                                  │
│   145                                                                                                                                                                            │
│                                                                                                                                                                                  │
│ ╭─────────────────────────────────────────────────────────────────── locals ────────────────────────────────────────────────────────────────────╮                                │
│ │                    args = [                                                                                                                   │                                │
│ │                           │   WindowsPath('C:/Users/Iuri/Desktop/Projetos/Monitoramento/Spy-mobile/build/calcme/android/gradle/gradlew.bat'), │                                │
│ │                           │   '--console',                                                                                                    │                                │
│ │                           │   'plain',                                                                                                        │                                │
│ │                           │   'assembleDebug'                                                                                                 │                                │
│ │                           ]                                                                                                                   │                                │
│ │              executable = 'C:\\Users\\Iuri\\Desktop\\Projetos\\Monitoramento\\Spy-mobile\\build\\calcme\\android\\gra'+15                     │                                │
│ │ remove_dynamic_elements = True                                                                                                                │                                │
│ │                     sub = <briefcase.integrations.subprocess.Subprocess object at 0x00000257BAB46A50>                                         │                                │
│ │            wrapped_args = ()                                                                                                                  │                                │
│ │          wrapped_kwargs = {                                                                                                                   │                                │
│ │                           │   'env': {                                                                                                        │                                │
│ │                           │   │   'ANDROID_HOME': 'C:\\Users\\Iuri\\AppData\\Local\\BeeWare\\briefcase\\Cache\\tools\\android_sdk',           │                                │
│ │                           │   │   'ANDROID_SDK_ROOT': 'C:\\Users\\Iuri\\AppData\\Local\\BeeWare\\briefcase\\Cache\\tools\\android_sdk',       │                                │
│ │                           │   │   'JAVA_HOME': 'C:\\Users\\Iuri\\AppData\\Local\\BeeWare\\briefcase\\Cache\\tools\\java17'                    │                                │
│ │                           │   },                                                                                                              │                                │
│ │                           │   'cwd': WindowsPath('C:/Users/Iuri/Desktop/Projetos/Monitoramento/Spy-mobile/build/calcme/android/gradle'),      │                                │
│ │                           │   'check': True,                                                                                                  │                                │
│ │                           │   'encoding': 'CP1252'                                                                                            │                                │
│ │                           }                                                                                                                   │                                │
│ ╰───────────────────────────────────────────────────────────────────────────────────────────────────────────────────────────────────────────────╯                                │
│                                                                                                                                                                                  │
│ C:\Users\Iuri\AppData\Roaming\Python\Python313\site-packages\briefcase\integrations\subprocess.py:539 in run                                                                     │
│                                                                                                                                                                                  │
│   536 │   │   # caller sets stream_output=False, then ensure_console_is_safe() will                                                                                              │
│   537 │   │   # disable any dynamic console elements while the command runs.                                                                                                     │
│   538 │   │   if stream_output:                                                                                                                                                  │
│ ❱ 539 │   │   │   return self._run_and_stream_output(args, filter_func=filter_func, **kwargs)                                                                                    │
│   540 │   │                                                                                                                                                                      │
│   541 │   │   # Can't filter non-streamed output.                                                                                                                                │
│   542 │   │   if filter_func:                                                                                                                                                    │
│                                                                                                                                                                                  │
│ ╭──────────────────────────────────────────────────────────────────────────────── locals ─────────────────────────────────────────────────────────────────────────────────╮      │
│ │          args = [WindowsPath('C:/Users/Iuri/Desktop/Projetos/Monitoramento/Spy-mobile/build/calcme/android/gradle/gradlew.bat'), '--console', 'plain', 'assembleDebug'] │      │
│ │   filter_func = None                                                                                                                                                    │      │
│ │        kwargs = {                                                                                                                                                       │      │
│ │                 │   'env': {                                                                                                                                            │      │
│ │                 │   │   'ANDROID_HOME': 'C:\\Users\\Iuri\\AppData\\Local\\BeeWare\\briefcase\\Cache\\tools\\android_sdk',                                               │      │
│ │                 │   │   'ANDROID_SDK_ROOT': 'C:\\Users\\Iuri\\AppData\\Local\\BeeWare\\briefcase\\Cache\\tools\\android_sdk',                                           │      │
│ │                 │   │   'JAVA_HOME': 'C:\\Users\\Iuri\\AppData\\Local\\BeeWare\\briefcase\\Cache\\tools\\java17'                                                        │      │
│ │                 │   },                                                                                                                                                  │      │
│ │                 │   'cwd': WindowsPath('C:/Users/Iuri/Desktop/Projetos/Monitoramento/Spy-mobile/build/calcme/android/gradle'),                                          │      │
│ │                 │   'check': True,                                                                                                                                      │      │
│ │                 │   'encoding': 'CP1252'                                                                                                                                │      │
│ │                 }                                                                                                                                                       │      │
│ │          self = <briefcase.integrations.subprocess.Subprocess object at 0x00000257BAB46A50>                                                                             │      │
│ │ stream_output = True                                                                                                                                                    │      │
│ ╰─────────────────────────────────────────────────────────────────────────────────────────────────────────────────────────────────────────────────────────────────────────╯      │
│                                                                                                                                                                                  │
│ C:\Users\Iuri\AppData\Roaming\Python\Python313\site-packages\briefcase\integrations\subprocess.py:615 in _run_and_stream_output                                                  │
│                                                                                                                                                                                  │
│   612 │   │   self._log_return_code(return_code)                                                                                                                                 │
│   613 │   │                                                                                                                                                                      │
│   614 │   │   if check and return_code:                                                                                                                                          │
│ ❱ 615 │   │   │   raise subprocess.CalledProcessError(return_code, args, stderr=stderr)                                                                                          │
│   616 │   │                                                                                                                                                                      │
│   617 │   │   return subprocess.CompletedProcess(args, return_code, stderr=stderr)                                                                                               │
│   618                                                                                                                                                                            │
│                                                                                                                                                                                  │
│ ╭─────────────────────────────────────────────────────────────────────────────── locals ────────────────────────────────────────────────────────────────────────────────╮        │
│ │        args = [WindowsPath('C:/Users/Iuri/Desktop/Projetos/Monitoramento/Spy-mobile/build/calcme/android/gradle/gradlew.bat'), '--console', 'plain', 'assembleDebug'] │        │
│ │       check = True                                                                                                                                                    │        │
│ │ filter_func = None                                                                                                                                                    │        │
│ │      kwargs = {                                                                                                                                                       │        │
│ │               │   'env': {                                                                                                                                            │        │
│ │               │   │   'ANDROID_HOME': 'C:\\Users\\Iuri\\AppData\\Local\\BeeWare\\briefcase\\Cache\\tools\\android_sdk',                                               │        │
│ │               │   │   'ANDROID_SDK_ROOT': 'C:\\Users\\Iuri\\AppData\\Local\\BeeWare\\briefcase\\Cache\\tools\\android_sdk',                                           │        │
│ │               │   │   'JAVA_HOME': 'C:\\Users\\Iuri\\AppData\\Local\\BeeWare\\briefcase\\Cache\\tools\\java17'                                                        │        │
│ │               │   },                                                                                                                                                  │        │
│ │               │   'cwd': WindowsPath('C:/Users/Iuri/Desktop/Projetos/Monitoramento/Spy-mobile/build/calcme/android/gradle'),                                          │        │
│ │               │   'encoding': 'CP1252',                                                                                                                               │        │
│ │               │   'stdout': -1,                                                                                                                                       │        │
│ │               │   'stderr': -2,                                                                                                                                       │        │
│ │               │   'bufsize': 1                                                                                                                                        │        │
│ │               }                                                                                                                                                       │        │
│ │     process = <Popen: returncode: 1 args: ['C:\\Users\\Iuri\\Desktop\\Projetos\\Monitorame...>                                                                        │        │
│ │ return_code = 1                                                                                                                                                       │        │
│ │        self = <briefcase.integrations.subprocess.Subprocess object at 0x00000257BAB46A50>                                                                             │        │
│ │      stderr = None                                                                                                                                                    │        │
│ ╰───────────────────────────────────────────────────────────────────────────────────────────────────────────────────────────────────────────────────────────────────────╯        │
╰──────────────────────────────────────────────────────────────────────────────────────────────────────────────────────────────────────────────────────────────────────────────────╯
CalledProcessError: Command '[WindowsPath('C:/Users/Iuri/Desktop/Projetos/Monitoramento/Spy-mobile/build/calcme/android/gradle/gradlew.bat'), '--console', 'plain', 'assembleDebug']' returned non-zero exit status 1.

The above exception was the direct cause of the following exception:

╭─────────────────────────────────────────────────────────────────────── Traceback (most recent call last) ────────────────────────────────────────────────────────────────────────╮
│ C:\Users\Iuri\AppData\Roaming\Python\Python313\site-packages\briefcase\__main__.py:27 in main                                                                                    │
│                                                                                                                                                                                  │
│   24 │   │   │   Path.cwd() / "pyproject.toml",                                                                                                                                  │
│   25 │   │   │   overrides=overrides,                                                                                                                                            │
│   26 │   │   )                                                                                                                                                                   │
│ ❱ 27 │   │   command(**options)                                                                                                                                                  │
│   28 │   except HelpText as e:                                                                                                                                                   │
│   29 │   │   console.info()                                                                                                                                                      │
│   30 │   │   console.info(str(e))                                                                                                                                                │
│                                                                                                                                                                                  │
│ ╭─────────────────────────────────────────────── locals ───────────────────────────────────────────────╮                                                                         │
│ │       command = <briefcase.platforms.android.gradle.GradleBuildCommand object at 0x00000257BAB45E80> │                                                                         │
│ │       console = <briefcase.console.Console object at 0x00000257B76CEE40>                             │                                                                         │
│ │             e = BriefcaseCommandError('Error while building project.')                               │                                                                         │
│ │ extra_cmdline = []                                                                                   │                                                                         │
│ │       options = {                                                                                    │                                                                         │
│ │                 │   'update': False,                                                                 │                                                                         │
│ │                 │   'update_requirements': False,                                                    │                                                                         │
│ │                 │   'update_support': False,                                                         │                                                                         │
│ │                 │   'update_stub': False,                                                            │                                                                         │
│ │                 │   'update_resources': False,                                                       │                                                                         │
│ │                 │   'no_update': False,                                                              │                                                                         │
│ │                 │   'test_mode': False                                                               │                                                                         │
│ │                 }                                                                                    │                                                                         │
│ │     overrides = {}                                                                                   │                                                                         │
│ │        result = 200                                                                                  │                                                                         │
│ ╰──────────────────────────────────────────────────────────────────────────────────────────────────────╯                                                                         │
│                                                                                                                                                                                  │
│ C:\Users\Iuri\AppData\Roaming\Python\Python313\site-packages\briefcase\commands\build.py:154 in __call__                                                                         │
│                                                                                                                                                                                  │
│   151 │   │                                                                                                                                                                      │
│   152 │   │   state = None                                                                                                                                                       │
│   153 │   │   for _, app_obj in sorted(apps_to_build.items()):                                                                                                                   │
│ ❱ 154 │   │   │   state = self._build_app(                                                                                                                                       │
│   155 │   │   │   │   app_obj,                                                                                                                                                   │
│   156 │   │   │   │   update=update,                                                                                                                                             │
│   157 │   │   │   │   update_requirements=update_requirements,                                                                                                                   │
│                                                                                                                                                                                  │
│ ╭────────────────────────────────────────────────── locals ──────────────────────────────────────────────────╮                                                                   │
│ │                   _ = 'calcme'                                                                             │                                                                   │
│ │                 app = None                                                                                 │                                                                   │
│ │            app_name = None                                                                                 │                                                                   │
│ │             app_obj = <org.beeware.calcme.calcme v0.0.1 AppConfig>                                         │                                                                   │
│ │       apps_to_build = {'calcme': <org.beeware.calcme.calcme v0.0.1 AppConfig>}                             │                                                                   │
│ │           no_update = False                                                                                │                                                                   │
│ │             options = {}                                                                                   │                                                                   │
│ │                self = <briefcase.platforms.android.gradle.GradleBuildCommand object at 0x00000257BAB45E80> │                                                                   │
│ │               state = None                                                                                 │                                                                   │
│ │           test_mode = False                                                                                │                                                                   │
│ │              update = False                                                                                │                                                                   │
│ │ update_requirements = False                                                                                │                                                                   │
│ │    update_resources = False                                                                                │                                                                   │
│ │         update_stub = False                                                                                │                                                                   │
│ │      update_support = False                                                                                │                                                                   │
│ ╰────────────────────────────────────────────────────────────────────────────────────────────────────────────╯                                                                   │
│                                                                                                                                                                                  │
│ C:\Users\Iuri\AppData\Roaming\Python\Python313\site-packages\briefcase\commands\build.py:90 in _build_app                                                                        │
│                                                                                                                                                                                  │
│    87 │   │                                                                                                                                                                      │
│    88 │   │   self.verify_app(app)                                                                                                                                               │
│    89 │   │                                                                                                                                                                      │
│ ❱  90 │   │   state = self.build_app(app, **full_options(state, options))                                                                                                        │
│    91 │   │                                                                                                                                                                      │
│    92 │   │   qualifier = " (test mode)" if app.test_mode else ""                                                                                                                │
│    93 │   │   self.console.info(                                                                                                                                                 │
│                                                                                                                                                                                  │
│ ╭────────────────────────────────────────────────── locals ──────────────────────────────────────────────────╮                                                                   │
│ │                 app = <org.beeware.calcme.calcme v0.0.1 AppConfig>                                         │                                                                   │
│ │           no_update = False                                                                                │                                                                   │
│ │             options = {}                                                                                   │                                                                   │
│ │                self = <briefcase.platforms.android.gradle.GradleBuildCommand object at 0x00000257BAB45E80> │                                                                   │
│ │               state = None                                                                                 │                                                                   │
│ │              update = False                                                                                │                                                                   │
│ │ update_requirements = False                                                                                │                                                                   │
│ │    update_resources = False                                                                                │                                                                   │
│ │         update_stub = False                                                                                │                                                                   │
│ │      update_support = False                                                                                │                                                                   │
│ ╰────────────────────────────────────────────────────────────────────────────────────────────────────────────╯                                                                   │
│                                                                                                                                                                                  │
│ C:\Users\Iuri\AppData\Roaming\Python\Python313\site-packages\briefcase\platforms\android\gradle.py:327 in build_app                                                              │
│                                                                                                                                                                                  │
│   324 │   │   │   try:                                                                                                                                                           │
│   325 │   │   │   │   self.run_gradle(app, ["assembleDebug"])                                                                                                                    │
│   326 │   │   │   except subprocess.CalledProcessError as e:                                                                                                                     │
│ ❱ 327 │   │   │   │   raise BriefcaseCommandError("Error while building project.") from e                                                                                        │
│   328                                                                                                                                                                            │
│   329                                                                                                                                                                            │
│   330 class GradleRunCommand(GradleMixin, RunCommand):                                                                                                                           │
│                                                                                                                                                                                  │
│ ╭─────────────────────────────────────────── locals ────────────────────────────────────────────╮                                                                                │
│ │    app = <org.beeware.calcme.calcme v0.0.1 AppConfig>                                         │                                                                                │
│ │ kwargs = {}                                                                                   │                                                                                │
│ │   self = <briefcase.platforms.android.gradle.GradleBuildCommand object at 0x00000257BAB45E80> │                                                                                │
│ ╰───────────────────────────────────────────────────────────────────────────────────────────────╯                                                                                │
╰──────────────────────────────────────────────────────────────────────────────────────────────────────────────────────────────────────────────────────────────────────────────────╯
BriefcaseCommandError: Error while building project.
[11:38:52] Collecting extra information for log... started                                                                                                            console.py:473
                                                                                                                                                                      console.py:477
           Extra information:                                                                                                                                         console.py:478
                                                                                                                                                                   subprocess.py:838
           >>> Running Command:                                                                                                                                    subprocess.py:838
           >>>     'C:\Users\Iuri\AppData\Local\BeeWare\briefcase\Cache\tools\android_sdk\cmdline-tools\19.0\bin\sdkmanager.bat' --list_installed                  subprocess.py:838
           >>> Working Directory:                                                                                                                                  subprocess.py:838
           >>>     C:\Users\Iuri\Desktop\Projetos\Monitoramento\Spy-mobile                                                                                         subprocess.py:838
           >>> Environment Overrides:                                                                                                                              subprocess.py:838
           >>>     ANDROID_HOME=C:\Users\Iuri\AppData\Local\BeeWare\briefcase\Cache\tools\android_sdk                                                              subprocess.py:838
           >>>     ANDROID_SDK_ROOT=C:\Users\Iuri\AppData\Local\BeeWare\briefcase\Cache\tools\android_sdk                                                          subprocess.py:838
           >>>     JAVA_HOME=C:\Users\Iuri\AppData\Local\BeeWare\briefcase\Cache\tools\java17                                                                      subprocess.py:838
[11:38:56] >>> Command Output:                                                                                                                                     subprocess.py:838
           >>>     Loading package information...                                                                                                                  subprocess.py:838
           >>>     Loading local repository...                                                                                                                     subprocess.py:838
           >>>     [=========                              ] 25% Loading local repository...                                                                       subprocess.py:838
           >>>     [=========                              ] 25% Fetch remote repository...                                                                        subprocess.py:838
           >>>     [=======================================] 100% Fetch remote repository...                                                                       subprocess.py:838
           >>>                                                                                                                                                     subprocess.py:838
           >>>     Installed packages:                                                                                                                             subprocess.py:838
           >>>       Path                 | Version | Description                | Location                                                                        subprocess.py:838
           >>>       -------              | ------- | -------                    | -------                                                                         subprocess.py:838
           >>>       build-tools;35.0.0   | 35.0.0  | Android SDK Build-Tools 35 | build-tools\35.0.0                                                              subprocess.py:838
           >>>       emulator             | 36.2.12 | Android Emulator           | emulator                                                                        subprocess.py:838
           >>>       platform-tools       | 36.0.0  | Android SDK Platform-Tools | platform-tools                                                                  subprocess.py:838
           >>>       platforms;android-35 | 2       | Android SDK Platform 35    | platforms\android-35                                                            subprocess.py:838
           >>>                                                                                                                                                     subprocess.py:838
           >>> Return code: 0                                                                                                                                      subprocess.py:838
                                                                                                                                                                   subprocess.py:838
           Collecting extra information for log... done                                                                                                               console.py:473
